app/build/outputs/logs/manifest-merger-debug-report.txt
-- Merging decision tree log ---
manifest
ADDED from AndroidManifest.xml:2:1
	package
		ADDED from AndroidManifest.xml:3:7
		INJECTED from AndroidManifest.xml:0:0
		INJECTED from AndroidManifest.xml:0:0
	android:versionName
		ADDED from AndroidManifest.xml:5:7
	android:versionCode
		ADDED from AndroidManifest.xml:4:7
		INJECTED from AndroidManifest.xml:0:0
		INJECTED from AndroidManifest.xml:0:0
	xmlns:android
		ADDED from AndroidManifest.xml:2:11
uses-sdk
ADDED from AndroidManifest.xml:6:5
	android:targetSdkVersion
		INJECTED from AndroidManifest.xml:0:0
		INJECTED from AndroidManifest.xml:0:0
	android:minSdkVersion
		ADDED from AndroidManifest.xml:6:15
		INJECTED from AndroidManifest.xml:0:0
		INJECTED from AndroidManifest.xml:0:0
uses-permission#android.permission.VIBRATE
ADDED from AndroidManifest.xml:7:2
	android:name
		ADDED from AndroidManifest.xml:7:19
application
ADDED from AndroidManifest.xml:8:5
	android:label
		ADDED from AndroidManifest.xml:9:10
	android:icon
		ADDED from AndroidManifest.xml:8:18
activity#com.pwp.activity.CalendarActivity
ADDED from AndroidManifest.xml:10:9
	android:label
		ADDED from AndroidManifest.xml:12:19
	android:theme
		ADDED from AndroidManifest.xml:11:19
	android:name
		ADDED from AndroidManifest.xml:10:19
intent-filter#android.intent.action.MAIN+android.intent.category.LAUNCHER
ADDED from AndroidManifest.xml:13:13
action#android.intent.action.MAIN
ADDED from AndroidManifest.xml:14:17
	android:name
		ADDED from AndroidManifest.xml:14:25
category#android.intent.category.LAUNCHER
ADDED from AndroidManifest.xml:15:17
	android:name
		ADDED from AndroidManifest.xml:15:27
activity#com.pwp.activity.ScheduleViewActivity
ADDED from AndroidManifest.xml:19:9
	android:name
		ADDED from AndroidManifest.xml:19:19
activity#com.pwp.activity.CalendarConvert
ADDED from AndroidManifest.xml:23:9
	android:name
		ADDED from AndroidManifest.xml:23:19
activity#com.pwp.activity.AlarmAlertActivity
ADDED from AndroidManifest.xml:24:9
	android:theme
		ADDED from AndroidManifest.xml:24:54
	android:name
		ADDED from AndroidManifest.xml:24:19
receiver#com.pwp.activity.BootReceiver
ADDED from AndroidManifest.xml:25:9
	android:process
		ADDED from AndroidManifest.xml:25:47
	android:name
		ADDED from AndroidManifest.xml:25:19
intent-filter#android.intent.action.BOOT_COMPLETED
ADDED from AndroidManifest.xml:26:13
action#android.intent.action.BOOT_COMPLETED
ADDED from AndroidManifest.xml:27:17
	android:name
		ADDED from AndroidManifest.xml:27:25
receiver#com.pwp.activity.CallAlarm
ADDED from AndroidManifest.xml:30:10
	android:process
		ADDED from AndroidManifest.xml:30:46
	android:name
		ADDED from AndroidManifest.xml:30:20